Determining if the pthread_create exist failed with the following output:
Change Dir: /home/alex/develop/sonar/lib/build/CMakeFiles/CMakeTmp

Run Build Command:"/usr/bin/make" "cmTC_706da/fast"
/usr/bin/make -f CMakeFiles/cmTC_706da.dir/build.make CMakeFiles/cmTC_706da.dir/build
make[1]: Entering directory '/home/alex/develop/sonar/lib/build/CMakeFiles/CMakeTmp'
Building CXX object CMakeFiles/cmTC_706da.dir/CheckSymbolExists.cxx.o
/usr/bin/c++     -o CMakeFiles/cmTC_706da.dir/CheckSymbolExists.cxx.o -c /home/alex/develop/sonar/lib/build/CMakeFiles/CMakeTmp/CheckSymbolExists.cxx
Linking CXX executable cmTC_706da
/usr/bin/cmake -E cmake_link_script CMakeFiles/cmTC_706da.dir/link.txt --verbose=1
/usr/bin/c++       -rdynamic CMakeFiles/cmTC_706da.dir/CheckSymbolExists.cxx.o  -o cmTC_706da 
CMakeFiles/cmTC_706da.dir/CheckSymbolExists.cxx.o: In function `main':
CheckSymbolExists.cxx:(.text+0x1b): undefined reference to `pthread_create'
collect2: error: ld returned 1 exit status
CMakeFiles/cmTC_706da.dir/build.make:97: recipe for target 'cmTC_706da' failed
make[1]: *** [cmTC_706da] Error 1
make[1]: Leaving directory '/home/alex/develop/sonar/lib/build/CMakeFiles/CMakeTmp'
Makefile:126: recipe for target 'cmTC_706da/fast' failed
make: *** [cmTC_706da/fast] Error 2

File /home/alex/develop/sonar/lib/build/CMakeFiles/CMakeTmp/CheckSymbolExists.cxx:
/* */
#include <pthread.h>

int main(int argc, char** argv)
{
  (void)argv;
#ifndef pthread_create
  return ((int*)(&pthread_create))[argc];
#else
  (void)argc;
  return 0;
#endif
}

Determining if the function pthread_create exists in the pthreads failed with the following output:
Change Dir: /home/alex/develop/sonar/lib/build/CMakeFiles/CMakeTmp

Run Build Command:"/usr/bin/make" "cmTC_a8a76/fast"
/usr/bin/make -f CMakeFiles/cmTC_a8a76.dir/build.make CMakeFiles/cmTC_a8a76.dir/build
make[1]: Entering directory '/home/alex/develop/sonar/lib/build/CMakeFiles/CMakeTmp'
Building CXX object CMakeFiles/cmTC_a8a76.dir/CheckFunctionExists.cxx.o
/usr/bin/c++    -DCHECK_FUNCTION_EXISTS=pthread_create   -o CMakeFiles/cmTC_a8a76.dir/CheckFunctionExists.cxx.o -c /home/alex/develop/sonar/lib/build/CMakeFiles/CheckLibraryExists/CheckFunctionExists.cxx
Linking CXX executable cmTC_a8a76
/usr/bin/cmake -E cmake_link_script CMakeFiles/cmTC_a8a76.dir/link.txt --verbose=1
/usr/bin/c++   -DCHECK_FUNCTION_EXISTS=pthread_create    -rdynamic CMakeFiles/cmTC_a8a76.dir/CheckFunctionExists.cxx.o  -o cmTC_a8a76 -lpthreads 
/usr/bin/ld: cannot find -lpthreads
collect2: error: ld returned 1 exit status
CMakeFiles/cmTC_a8a76.dir/build.make:97: recipe for target 'cmTC_a8a76' failed
make[1]: *** [cmTC_a8a76] Error 1
make[1]: Leaving directory '/home/alex/develop/sonar/lib/build/CMakeFiles/CMakeTmp'
Makefile:126: recipe for target 'cmTC_a8a76/fast' failed
make: *** [cmTC_a8a76/fast] Error 2


